minote/app/build/intermediates/manifest_merge_blame_file/debug/manifest-merger-blame-debug-report.txt
1<?xml version="1.0" encoding="utf-8"?>
2<manifest xmlns:android="http://schemas.android.com/apk/res/android"
3    package="net.micode.notes"
4    android:versionCode="1"
5    android:versionName="0.1" >
6
7    <uses-sdk
7-->src\main\AndroidManifest.xml:8:5-44
8        android:minSdkVersion="16"
8-->src\main\AndroidManifest.xml:8:15-41
9        android:targetSdkVersion="30" />
9-->src\main\AndroidManifest.xml:8:5-44
10
11    <uses-permission android:name="android.permission.WRITE_EXTERNAL_STORAGE" />
11-->src\main\AndroidManifest.xml:10:5-81
11-->src\main\AndroidManifest.xml:10:22-78
12    <uses-permission android:name="com.android.launcher.permission.INSTALL_SHORTCUT" />
12-->src\main\AndroidManifest.xml:11:5-88
12-->src\main\AndroidManifest.xml:11:22-85
13    <uses-permission android:name="android.permission.INTERNET" />
13-->src\main\AndroidManifest.xml:12:5-67
13-->src\main\AndroidManifest.xml:12:22-64
14    <uses-permission android:name="android.permission.READ_CONTACTS" />
14-->src\main\AndroidManifest.xml:13:5-72
14-->src\main\AndroidManifest.xml:13:22-69
15    <uses-permission android:name="android.permission.MANAGE_ACCOUNTS" />
15-->src\main\AndroidManifest.xml:14:5-74
15-->src\main\AndroidManifest.xml:14:22-71
16    <uses-permission android:name="android.permission.AUTHENTICATE_ACCOUNTS" />
16-->src\main\AndroidManifest.xml:15:5-80
16-->src\main\AndroidManifest.xml:15:22-77
17    <uses-permission android:name="android.permission.GET_ACCOUNTS" />
17-->src\main\AndroidManifest.xml:16:5-71
17-->src\main\AndroidManifest.xml:16:22-68
18    <uses-permission android:name="android.permission.USE_CREDENTIALS" />
18-->src\main\AndroidManifest.xml:17:5-74
18-->src\main\AndroidManifest.xml:17:22-71
19    <uses-permission android:name="android.permission.RECEIVE_BOOT_COMPLETED" />
19-->src\main\AndroidManifest.xml:18:5-81
19-->src\main\AndroidManifest.xml:18:22-78
20
21    <application
21-->src\main\AndroidManifest.xml:20:5-134:19
22        android:appComponentFactory="android.support.v4.app.CoreComponentFactory"
22-->[com.android.support:support-compat:28.0.0] AndroidManifest.xml:22:18-91
23        android:debuggable="true"
24        android:icon="@drawable/icon_app"
24-->src\main\AndroidManifest.xml:21:9-42
25        android:label="@string/app_name"
25-->src\main\AndroidManifest.xml:22:9-41
26        android:testOnly="true" >
27        <activity
27-->src\main\AndroidManifest.xml:23:9-27:47
28            android:name="net.micode.notes.ui.MarkDownActivity"
28-->src\main\AndroidManifest.xml:24:13-48
29            android:exported="false"
29-->src\main\AndroidManifest.xml:25:13-37
30            android:launchMode="singleTop"
30-->src\main\AndroidManifest.xml:26:13-43
31            android:theme="@style/NoteTheme" />
31-->src\main\AndroidManifest.xml:27:13-45
32        <activity
32-->src\main\AndroidManifest.xml:28:9-41:20
33            android:name="net.micode.notes.ui.NotesListActivity"
33-->src\main\AndroidManifest.xml:29:13-49
34            android:configChanges="keyboardHidden|orientation|screenSize"
34-->src\main\AndroidManifest.xml:30:13-74
35            android:label="@string/app_name"
35-->src\main\AndroidManifest.xml:31:13-45
36            android:launchMode="singleTask"
36-->src\main\AndroidManifest.xml:32:13-44
37            android:theme="@style/NoteTheme"
37-->src\main\AndroidManifest.xml:33:13-45
38            android:uiOptions="splitActionBarWhenNarrow"
38-->src\main\AndroidManifest.xml:34:13-57
39            android:windowSoftInputMode="adjustPan" >
39-->src\main\AndroidManifest.xml:35:13-52
40            <intent-filter>
40-->src\main\AndroidManifest.xml:36:13-40:29
41                <action android:name="android.intent.action.MAIN" />
41-->src\main\AndroidManifest.xml:37:17-69
41-->src\main\AndroidManifest.xml:37:25-66
42
43                <category android:name="android.intent.category.LAUNCHER" />
43-->src\main\AndroidManifest.xml:39:17-77
43-->src\main\AndroidManifest.xml:39:27-74
44            </intent-filter>
45        </activity>
46        <activity
46-->src\main\AndroidManifest.xml:42:9-74:20
47            android:name="net.micode.notes.ui.NoteEditActivity"
47-->src\main\AndroidManifest.xml:43:13-48
48            android:configChanges="keyboardHidden|orientation|screenSize"
48-->src\main\AndroidManifest.xml:44:13-74
49            android:launchMode="singleTop"
49-->src\main\AndroidManifest.xml:45:13-43
50            android:theme="@style/NoteTheme" >
50-->src\main\AndroidManifest.xml:46:13-45
51            <intent-filter android:scheme="http" >
51-->src\main\AndroidManifest.xml:47:13-56:29
51-->src\main\AndroidManifest.xml:48:17-38
52                <action android:name="android.intent.action.VIEW" />
52-->src\main\AndroidManifest.xml:50:17-69
52-->src\main\AndroidManifest.xml:50:25-66
53
54                <category android:name="android.intent.category.DEFAULT" />
54-->src\main\AndroidManifest.xml:52:17-76
54-->src\main\AndroidManifest.xml:52:27-73
55
56                <data android:mimeType="vnd.android.cursor.item/text_note" />
56-->src\main\AndroidManifest.xml:54:17-78
56-->src\main\AndroidManifest.xml:54:23-75
57                <data android:mimeType="vnd.android.cursor.item/call_note" />
57-->src\main\AndroidManifest.xml:54:17-78
57-->src\main\AndroidManifest.xml:54:23-75
58            </intent-filter>
59            <intent-filter>
59-->src\main\AndroidManifest.xml:57:13-64:29
60                <action android:name="android.intent.action.INSERT_OR_EDIT" />
60-->src\main\AndroidManifest.xml:58:17-79
60-->src\main\AndroidManifest.xml:58:25-76
61
62                <category android:name="android.intent.category.DEFAULT" />
62-->src\main\AndroidManifest.xml:52:17-76
62-->src\main\AndroidManifest.xml:52:27-73
63
64                <data android:mimeType="vnd.android.cursor.item/text_note" />
64-->src\main\AndroidManifest.xml:54:17-78
64-->src\main\AndroidManifest.xml:54:23-75
65                <data android:mimeType="vnd.android.cursor.item/call_note" />
65-->src\main\AndroidManifest.xml:54:17-78
65-->src\main\AndroidManifest.xml:54:23-75
66            </intent-filter>
67            <intent-filter>
67-->src\main\AndroidManifest.xml:65:13-69:29
68                <action android:name="android.intent.action.SEARCH" />
68-->src\main\AndroidManifest.xml:66:17-71
68-->src\main\AndroidManifest.xml:66:25-68
69
70                <category android:name="android.intent.category.DEFAULT" />
70-->src\main\AndroidManifest.xml:52:17-76
70-->src\main\AndroidManifest.xml:52:27-73
71            </intent-filter>
72
73            <meta-data
73-->src\main\AndroidManifest.xml:71:13-73:54
74                android:name="android.app.searchable"
74-->src\main\AndroidManifest.xml:72:17-54
75                android:resource="@xml/searchable" />
75-->src\main\AndroidManifest.xml:73:17-51
76        </activity>
77
78        <provider
78-->src\main\AndroidManifest.xml:76:9-79:43
79            android:name="net.micode.notes.data.NotesProvider"
79-->src\main\AndroidManifest.xml:77:13-63
80            android:authorities="micode_notes"
80-->src\main\AndroidManifest.xml:78:13-47
81            android:multiprocess="true" />
81-->src\main\AndroidManifest.xml:79:13-40
82
83        <receiver
83-->src\main\AndroidManifest.xml:81:9-93:20
84            android:name="net.micode.notes.widget.NoteWidgetProvider_2x"
84-->src\main\AndroidManifest.xml:82:13-57
85            android:label="@string/app_widget2x2" >
85-->src\main\AndroidManifest.xml:83:13-50
86            <intent-filter>
86-->src\main\AndroidManifest.xml:84:13-88:29
87                <action android:name="android.appwidget.action.APPWIDGET_UPDATE" />
87-->src\main\AndroidManifest.xml:85:17-84
87-->src\main\AndroidManifest.xml:85:25-81
88                <action android:name="android.appwidget.action.APPWIDGET_DELETED" />
88-->src\main\AndroidManifest.xml:86:17-85
88-->src\main\AndroidManifest.xml:86:25-82
89                <action android:name="android.intent.action.PRIVACY_MODE_CHANGED" />
89-->src\main\AndroidManifest.xml:87:17-85
89-->src\main\AndroidManifest.xml:87:25-82
90            </intent-filter>
91
92            <meta-data
92-->src\main\AndroidManifest.xml:90:13-92:58
93                android:name="android.appwidget.provider"
93-->src\main\AndroidManifest.xml:91:17-58
94                android:resource="@xml/widget_2x_info" />
94-->src\main\AndroidManifest.xml:92:17-55
95        </receiver>
96        <receiver
96-->src\main\AndroidManifest.xml:94:9-106:20
97            android:name="net.micode.notes.widget.NoteWidgetProvider_4x"
97-->src\main\AndroidManifest.xml:95:13-57
98            android:label="@string/app_widget4x4" >
98-->src\main\AndroidManifest.xml:96:13-50
99            <intent-filter>
99-->src\main\AndroidManifest.xml:84:13-88:29
100                <action android:name="android.appwidget.action.APPWIDGET_UPDATE" />
100-->src\main\AndroidManifest.xml:85:17-84
100-->src\main\AndroidManifest.xml:85:25-81
101                <action android:name="android.appwidget.action.APPWIDGET_DELETED" />
101-->src\main\AndroidManifest.xml:86:17-85
101-->src\main\AndroidManifest.xml:86:25-82
102                <action android:name="android.intent.action.PRIVACY_MODE_CHANGED" />
102-->src\main\AndroidManifest.xml:87:17-85
102-->src\main\AndroidManifest.xml:87:25-82
103            </intent-filter>
104
105            <meta-data
105-->src\main\AndroidManifest.xml:90:13-92:58
106                android:name="android.appwidget.provider"
106-->src\main\AndroidManifest.xml:91:17-58
107                android:resource="@xml/widget_4x_info" />
107-->src\main\AndroidManifest.xml:92:17-55
108        </receiver>
109        <receiver android:name="net.micode.notes.ui.AlarmInitReceiver" >
109-->src\main\AndroidManifest.xml:107:9-111:20
109-->src\main\AndroidManifest.xml:107:19-55
110            <intent-filter>
110-->src\main\AndroidManifest.xml:108:13-110:29
111                <action android:name="android.intent.action.BOOT_COMPLETED" />
111-->src\main\AndroidManifest.xml:109:17-79
111-->src\main\AndroidManifest.xml:109:25-76
112            </intent-filter>
113        </receiver>
114        <receiver
114-->src\main\AndroidManifest.xml:112:9-114:50
115            android:name="net.micode.notes.ui.AlarmReceiver"
115-->src\main\AndroidManifest.xml:113:13-45
116            android:process=":remote" />
116-->src\main\AndroidManifest.xml:114:13-38
117
118        <activity
118-->src\main\AndroidManifest.xml:116:9-120:87
119            android:name="net.micode.notes.ui.AlarmAlertActivity"
119-->src\main\AndroidManifest.xml:117:13-50
120            android:label="@string/app_name"
120-->src\main\AndroidManifest.xml:118:13-45
121            android:launchMode="singleInstance"
121-->src\main\AndroidManifest.xml:119:13-48
122            android:theme="@android:style/Theme.Holo.Wallpaper.NoTitleBar" />
122-->src\main\AndroidManifest.xml:120:13-75
123        <activity
123-->src\main\AndroidManifest.xml:121:9-125:72
124            android:name="net.micode.notes.ui.NotesPreferenceActivity"
124-->src\main\AndroidManifest.xml:122:13-55
125            android:label="@string/preferences_title"
125-->src\main\AndroidManifest.xml:123:13-54
126            android:launchMode="singleTop"
126-->src\main\AndroidManifest.xml:124:13-43
127            android:theme="@android:style/Theme.Holo.Light" />
127-->src\main\AndroidManifest.xml:125:13-60
128
129        <service
129-->src\main\AndroidManifest.xml:127:9-129:48
130            android:name="net.micode.notes.gtask.remote.GTaskSyncService"
130-->src\main\AndroidManifest.xml:128:13-74
131            android:exported="false" />
131-->src\main\AndroidManifest.xml:129:13-37
132
133        <meta-data
133-->src\main\AndroidManifest.xml:131:9-133:52
134            android:name="android.app.default_searchable"
134-->src\main\AndroidManifest.xml:132:13-58
135            android:value=".ui.NoteEditActivity" />
135-->src\main\AndroidManifest.xml:133:13-49
136    </application>
137
138</manifest>